<?xml version="1.0" encoding="UTF-8"?>
<!-- Generated by org.testng.reporters.JUnitReportReporter -->
<testsuite hostname="DESKTOP-IA8GERI" failures="0" tests="1" name="testClassPackage.post_TC_4" time="6.772" errors="0" timestamp="2023-05-24T18:03:59 IST" skipped="0">
  <testcase classname="testClassPackage.post_TC_4" name="execute" time="6.772"/>
  <system-out/>
</testsuite> <!-- testClassPackage.post_TC_4 -->
