<?xml version="1.0" encoding="UTF-8"?>
<!-- Generated by org.testng.reporters.JUnitReportReporter -->
<testsuite hostname="DESKTOP-IA8GERI" failures="0" tests="1" name="testClassPackage.post_TC_1" time="8.448" errors="0" timestamp="2023-05-24T18:03:59 IST" skipped="0">
  <testcase classname="testClassPackage.post_TC_1" name="execute" time="8.448"/>
  <system-out/>
</testsuite> <!-- testClassPackage.post_TC_1 -->
