<?xml version="1.0" encoding="UTF-8"?>
<!-- Generated by org.testng.reporters.JUnitReportReporter -->
<testsuite hostname="DESKTOP-IA8GERI" failures="0" tests="1" name="testClassPackage.post_TC_3" time="4.324" errors="0" timestamp="2023-05-24T18:03:59 IST" skipped="0">
  <testcase classname="testClassPackage.post_TC_3" name="execute" time="4.324"/>
  <system-out/>
</testsuite> <!-- testClassPackage.post_TC_3 -->
